<?xml version="1.0" encoding="UTF-8"?>
<testsuite xmlns:xsi="http://www.w3.org/2001/XMLSchema-instance" xsi:noNamespaceSchemaLocation="https://maven.apache.org/surefire/maven-surefire-plugin/xsd/surefire-test-report.xsd" name="com.dev.services.DenunciaServiceTest" time="2.235" tests="4" errors="0" skipped="0" failures="1">
  <properties>
[...]
</properties>
  <testcase name="testRegistrarTransaccional" classname="com.dev.services.DenunciaServiceTest" time="0.075"/>
  <testcase name="modificarDenunciaTest" classname="com.dev.services.DenunciaServiceTest" time="0.244"/>
  <testcase name="RegistrarDenunciaTest" classname="com.dev.services.DenunciaServiceTest" time="0.222">
    <failure type="java.lang.AssertionError">java.lang.AssertionError
	at com.dev.services.DenunciaServiceTest.RegistrarDenunciaTest(DenunciaServiceTest.java:116)
</failure>
    <system-out><![CDATA[2023-05-24 16:47:45.452  INFO 30412 --- [           main] com.dev.services.DenunciaServiceTest     : ======> antes deel set Doc-003 
]]></system-out>
  </testcase>
  <testcase name="testListarPersonas" classname="com.dev.services.DenunciaServiceTest" time="0.014"/>
</testsuite>